100 16 0 16 16 16 1.000000         0.041892724609866 false
0.000000	        0.041892724609866
0.020000	       87.750888860972154lf
0.040000	       87.750888860972154lf
0.060000	       87.750888860972154lf
0.080000	       87.750888860972154lf
0.100000	       87.750888860972154lf
0.120000	       87.750888860972154lf
0.140000	       87.750888860972154lf
0.160000	       87.750888860972154lf
0.180000	       87.750888860972154lf
0.200000	       87.750888860972154lf
0.220000	       87.750888860972154lf
0.240000	       87.750888860972154lf
0.260000	       87.750888860972154lf
0.280000	       87.750888860972154lf
0.300000	       87.750888860972154lf
0.320000	       87.750888860972154lf
0.340000	       87.750888860972154lf
0.360000	       87.750888860972154lf
0.380000	       87.750888860972154lf
0.400000	       87.750888860972154lf
0.420000	       87.750888860972154lf
0.440000	       87.750888860972154lf
0.460000	       87.750888860972154lf
0.480000	       87.750888860972154lf
0.500000	       87.750888860972154lf
0.520000	       87.750888860972154lf
0.540000	       87.750888860972154lf
0.560000	       87.750888860972154lf
0.580000	       87.750888860972154lf
0.600000	       87.750888860972154lf
0.620000	       87.750888860972154lf
0.640000	       87.750888860972154lf
0.660000	       87.750888860972154lf
0.680000	       87.750888860972154lf
0.700000	       87.750888860972154lf
0.720000	       87.750888860972154lf
0.740000	       87.750888860972154lf
0.760000	       87.750888860972154lf
0.780000	       87.750888860972154lf
0.800000	       87.750888860972154lf
0.820000	       87.750888860972154lf
0.840000	       87.750888860972154lf
0.860000	       87.750888860972154lf
0.880000	       87.750888860972154lf
0.900000	       87.750888860972154lf
0.920000	       87.750888860972154lf
0.940000	       87.750888860972154lf
0.960000	       87.750888860972154lf
0.980000	       87.750888860972154lf
1.000000	       87.750888860972154lf
1.020000	       87.750888860972154lf
1.040000	       87.750888860972154lf
1.060000	       87.750888860972154lf
1.080000	       87.750888860972154lf
1.100000	       87.750888860972154lf
1.120000	       87.750888860972154lf
1.140000	       87.750888860972154lf
1.160000	       87.750888860972154lf
1.180000	       87.750888860972154lf
1.200000	       87.750888860972154lf
1.220000	       87.750888860972154lf
1.240000	       87.750888860972154lf
1.260000	       87.750888860972154lf
1.280000	       87.750888860972154lf
1.300000	       87.750888860972154lf
1.320000	       87.750888860972154lf
1.340000	       87.750888860972154lf
1.360000	       87.750888860972154lf
1.380000	       87.750888860972154lf
1.400000	       87.750888860972154lf
1.420000	       87.750888860972154lf
1.440000	       87.750888860972154lf
1.460000	       87.750888860972154lf
1.480000	       87.750888860972154lf
1.500000	       87.750888860972154lf
1.520000	       87.750888860972154lf
1.540000	       87.750888860972154lf
1.560000	       87.750888860972154lf
1.580000	       87.750888860972154lf
1.600000	       87.750888860972154lf
1.620000	       87.750888860972154lf
1.640000	       87.750888860972154lf
1.660000	       87.750888860972154lf
1.680000	       87.750888860972154lf
1.700000	       87.750888860972154lf
1.720000	       87.750888860972154lf
1.740000	       87.750888860972154lf
1.760000	       87.750888860972154lf
1.780000	       87.750888860972154lf
1.800000	       87.750888860972154lf
1.820000	       87.750888860972154lf
1.840000	       87.750888860972154lf
1.860000	       87.750888860972154lf
1.880000	       87.750888860972154lf
1.900000	       87.750888860972154lf
1.920000	       87.750888860972154lf
1.940000	       87.750888860972154lf
1.960000	       87.750888860972154lf
1.980000	       87.750888860972154lf
